<?xml version="1.0" encoding="UTF-8"?>
<!-- Generated by org.testng.reporters.JUnitReportReporter -->
<testsuite hostname="AJAY" failures="0" tests="1" name="TestCases.RegisterTestCase" time="5.666" errors="0" timestamp="2023-08-06T20:42:53 IST" skipped="0">
  <testcase classname="TestCases.RegisterTestCase" name="LoginTestCase" time="5.666"/>
</testsuite> <!-- TestCases.RegisterTestCase -->
