<?xml version="1.0" encoding="UTF-8"?>
<!-- Generated by org.testng.reporters.JUnitReportReporter -->
<testsuite hostname="AJAY" failures="0" tests="2" name="TestCases.RegisterandLoginTestCase" time="18.818" errors="0" timestamp="2023-08-06T23:12:05 IST" skipped="0">
  <testcase classname="TestCases.RegisterandLoginTestCase" name="VerifyRegistration" time="13.022"/>
  <testcase classname="TestCases.RegisterandLoginTestCase" name="LoginTestCase" time="5.796"/>
</testsuite> <!-- TestCases.RegisterandLoginTestCase -->
